<?xml version="1.0" encoding="UTF-8"?>
<testng-results skipped="1" failed="0" ignored="0" total="3" passed="2">
  <reporter-output>
  </reporter-output>
  <suite name="Surefire suite" duration-ms="9915" started-at="2022-09-05T09:55:54Z" finished-at="2022-09-05T09:56:04Z">
    <groups>
    </groups>
    <test name="Surefire test" duration-ms="9915" started-at="2022-09-05T09:55:54Z" finished-at="2022-09-05T09:56:04Z">
      <class name="org.samplejunit.SampleTest">
        <test-method status="PASS" signature="tc0()" name="tc0" duration-ms="7329" started-at="2022-09-05T09:55:54Z" finished-at="2022-09-05T09:56:01Z">
          <reporter-output>
          </reporter-output>
        </test-method> <!-- tc0 -->
        <test-method status="PASS" signature="tc01()" name="tc01" duration-ms="7424" started-at="2022-09-05T09:55:54Z" finished-at="2022-09-05T09:56:01Z">
          <reporter-output>
          </reporter-output>
        </test-method> <!-- tc01 -->
        <test-method status="SKIP" signature="tc02()" name="tc02" duration-ms="0" started-at="2022-09-05T09:55:54Z" finished-at="2022-09-05T09:55:54Z">
          <reporter-output>
          </reporter-output>
        </test-method> <!-- tc02 -->
      </class> <!-- org.samplejunit.SampleTest -->
    </test> <!-- Surefire test -->
  </suite> <!-- Surefire suite -->
</testng-results>
