<?xml version="1.0" encoding="UTF-8"?>
<!-- Generated by org.testng.reporters.JUnitXMLReporter -->
<testsuite hostname="LAPTOP-6F5IMLR2" ignored="0" name="Default test" tests="3" failures="0" timestamp="11 May 2022 06:03:23 GMT" time="4.409" errors="0">
  <testcase name="tc01" time="0.064" classname="org.sampletesng.SampleTest3"/>
  <testcase name="tc02" time="0.067" classname="org.sampletesng.SampleTest3"/>
  <testcase name="tc03" time="0.063" classname="org.sampletesng.SampleTest3"/>
</testsuite> <!-- Default test -->
