<?xml version="1.0" encoding="UTF-8"?>
<!-- Generated by org.testng.reporters.JUnitXMLReporter -->
<testsuite hostname="LAPTOP-6F5IMLR2" ignored="0" name="Test" tests="6" failures="0" timestamp="11 May 2022 06:09:25 GMT" time="5.384" errors="0">
  <testcase name="tc01" time="0.063" classname="org.sampletesng.SampleTest3"/>
  <testcase name="tc02" time="0.078" classname="org.sampletesng.SampleTest3"/>
  <testcase name="tc03" time="0.057" classname="org.sampletesng.SampleTest3"/>
  <testcase name="tc01" time="0.108" classname="org.sampletesng.SampleTest2"/>
  <testcase name="tc02" time="0.122" classname="org.sampletesng.SampleTest2"/>
  <testcase name="tc03" time="0.065" classname="org.sampletesng.SampleTest2"/>
</testsuite> <!-- Test -->
