<?xml version="1.0" encoding="UTF-8"?>
<!-- Generated by org.testng.reporters.JUnitXMLReporter -->
<testsuite hostname="LAPTOP-6F5IMLR2" ignored="0" name="Surefire test" tests="3" failures="0" timestamp="05 Sep 2022 09:55:54 GMT" time="43.077" errors="0">
  <testcase name="tc0" time="0.161" classname="org.sampletesng.SampleTest"/>
  <testcase name="tc0" time="0.188" classname="org.sampletesng.SampleTest"/>
  <testcase name="tc0" time="0.247" classname="org.sampletesng.SampleTest"/>
</testsuite> <!-- Surefire test -->
