<?xml version="1.0" encoding="UTF-8"?>
<testng-results skipped="0" failed="0" ignored="0" total="6" passed="6">
  <reporter-output>
  </reporter-output>
  <suite name="Suite" duration-ms="5384" started-at="2022-05-11T06:09:20Z" finished-at="2022-05-11T06:09:25Z">
    <groups>
    </groups>
    <test name="Test" duration-ms="5384" started-at="2022-05-11T06:09:20Z" finished-at="2022-05-11T06:09:25Z">
      <class name="org.sampletesng.SampleTest3">
        <test-method status="PASS" signature="beforeClass()[pri:0, instance:org.sampletesng.SampleTest3@7d9d1a19]" name="beforeClass" is-config="true" duration-ms="2581" started-at="2022-05-11T06:09:20Z" finished-at="2022-05-11T06:09:23Z">
          <reporter-output>
          </reporter-output>
        </test-method> <!-- beforeClass -->
        <test-method status="PASS" signature="tc01()[pri:0, instance:org.sampletesng.SampleTest3@7d9d1a19]" name="tc01" duration-ms="63" started-at="2022-05-11T06:09:23Z" finished-at="2022-05-11T06:09:23Z">
          <reporter-output>
          </reporter-output>
        </test-method> <!-- tc01 -->
        <test-method status="PASS" signature="tc02()[pri:0, instance:org.sampletesng.SampleTest3@7d9d1a19]" name="tc02" duration-ms="78" started-at="2022-05-11T06:09:23Z" finished-at="2022-05-11T06:09:23Z">
          <reporter-output>
          </reporter-output>
        </test-method> <!-- tc02 -->
        <test-method status="PASS" signature="tc03()[pri:0, instance:org.sampletesng.SampleTest3@7d9d1a19]" name="tc03" duration-ms="57" started-at="2022-05-11T06:09:23Z" finished-at="2022-05-11T06:09:23Z">
          <reporter-output>
          </reporter-output>
        </test-method> <!-- tc03 -->
      </class> <!-- org.sampletesng.SampleTest3 -->
      <class name="org.sampletesng.SampleTest2">
        <test-method status="PASS" signature="BeforeClass()[pri:0, instance:org.sampletesng.SampleTest2@39c0f4a]" name="BeforeClass" is-config="true" duration-ms="5083" started-at="2022-05-11T06:09:20Z" finished-at="2022-05-11T06:09:25Z">
          <reporter-output>
          </reporter-output>
        </test-method> <!-- BeforeClass -->
        <test-method status="PASS" signature="tc01()[pri:0, instance:org.sampletesng.SampleTest2@39c0f4a]" name="tc01" duration-ms="108" started-at="2022-05-11T06:09:25Z" finished-at="2022-05-11T06:09:25Z">
          <reporter-output>
          </reporter-output>
        </test-method> <!-- tc01 -->
        <test-method status="PASS" signature="tc02()[pri:0, instance:org.sampletesng.SampleTest2@39c0f4a]" name="tc02" duration-ms="122" started-at="2022-05-11T06:09:25Z" finished-at="2022-05-11T06:09:25Z">
          <reporter-output>
          </reporter-output>
        </test-method> <!-- tc02 -->
        <test-method status="PASS" signature="tc03()[pri:0, instance:org.sampletesng.SampleTest2@39c0f4a]" name="tc03" duration-ms="65" started-at="2022-05-11T06:09:25Z" finished-at="2022-05-11T06:09:25Z">
          <reporter-output>
          </reporter-output>
        </test-method> <!-- tc03 -->
      </class> <!-- org.sampletesng.SampleTest2 -->
    </test> <!-- Test -->
  </suite> <!-- Suite -->
</testng-results>
