<?xml version="1.0" encoding="UTF-8"?>
<!-- Generated by org.testng.reporters.JUnitXMLReporter -->
<testsuite hostname="LAPTOP-6F5IMLR2" ignored="0" name="Surefire test" tests="3" failures="0" timestamp="05 Sep 2022 09:56:04 GMT" time="9.915" errors="0">
  <testcase name="tc0 on tc0(org.samplejunit.SampleTest)" time="7.329" classname="org.samplejunit.SampleTest"/>
  <testcase name="tc01 on tc01(org.samplejunit.SampleTest)" time="7.424" classname="org.samplejunit.SampleTest"/>
  <testcase name="tc02 on tc02(org.samplejunit.SampleTest)" time="0.0" classname="org.samplejunit.SampleTest">
    <skipped/>
  </testcase> <!-- tc02 on tc02(org.samplejunit.SampleTest) -->
</testsuite> <!-- Surefire test -->
